<?xml version="1.0" encoding="UTF-8"?>
<testng-results ignored="0" total="3" passed="3" failed="0" skipped="0">
  <reporter-output>
  </reporter-output>
  <suite started-at="2023-02-09T07:57:32Z" name="Default suite" finished-at="2023-02-09T07:57:32Z" duration-ms="88">
    <groups>
    </groups>
    <test started-at="2023-02-09T07:57:32Z" name="Default test" finished-at="2023-02-09T07:57:32Z" duration-ms="88">
      <class name="Org.Player.list.TestCases">
        <test-method signature="GET4ForeignPlayers()[pri:0, instance:Org.Player.list.TestCases@1fb19a0]" started-at="2023-02-09T07:57:32Z" name="GET4ForeignPlayers" finished-at="2023-02-09T07:57:32Z" duration-ms="32" status="PASS">
          <reporter-output>
          </reporter-output>
        </test-method> <!-- GET4ForeignPlayers -->
        <test-method signature="GETWicketKeeper()[pri:0, instance:Org.Player.list.TestCases@1fb19a0]" started-at="2023-02-09T07:57:32Z" name="GETWicketKeeper" finished-at="2023-02-09T07:57:32Z" duration-ms="4" status="PASS">
          <reporter-output>
          </reporter-output>
        </test-method> <!-- GETWicketKeeper -->
        <test-method signature="smoketest()[pri:0, instance:Org.Player.list.TestCases@1fb19a0]" started-at="2023-02-09T07:57:32Z" name="smoketest" finished-at="2023-02-09T07:57:32Z" duration-ms="1" status="PASS">
          <reporter-output>
          </reporter-output>
        </test-method> <!-- smoketest -->
      </class> <!-- Org.Player.list.TestCases -->
    </test> <!-- Default test -->
  </suite> <!-- Default suite -->
</testng-results>
